<?xml version="1.0" encoding="UTF-8"?>
<robot generator="Robot 3.0.4 (Python 3.7.4 on darwin)" generated="20191108 15:33:02.513">
<suite id="s1" name="Amazon-xvfb" source="/Users/ken.chung/git/amazon/Tests/Amazon-xvfb.robot">
<test id="s1-t1" name="User must sign in to check out">
<kw name="Evaluate" library="BuiltIn">
<doc>Evaluates the given expression in Python and returns the results.</doc>
<arguments>
<arg>sys.modules['selenium.webdriver'].ChromeOptions()</arg>
<arg>sys, selenium.webdriver</arg>
</arguments>
<assign>
<var>${chrome options}</var>
</assign>
<msg timestamp="20191108 15:33:03.641" level="INFO">${chrome options} = &lt;selenium.webdriver.chrome.options.Options object at 0x10cc5ac50&gt;</msg>
<status status="PASS" starttime="20191108 15:33:03.640" endtime="20191108 15:33:03.641"></status>
</kw>
<kw name="Create Dictionary" library="BuiltIn">
<doc>Creates and returns a dictionary based on the given ``items``.</doc>
<arguments>
<arg>credentials_enable_service=${false}</arg>
</arguments>
<assign>
<var>${prefs}</var>
</assign>
<msg timestamp="20191108 15:33:03.642" level="INFO">${prefs} = {'credentials_enable_service': False}</msg>
<status status="PASS" starttime="20191108 15:33:03.641" endtime="20191108 15:33:03.642"></status>
</kw>
<kw name="Call Method" library="BuiltIn">
<doc>Calls the named method of the given object with the provided arguments.</doc>
<arguments>
<arg>${chrome_options}</arg>
<arg>add_experimental_option</arg>
<arg>prefs</arg>
<arg>${prefs}</arg>
</arguments>
<status status="PASS" starttime="20191108 15:33:03.642" endtime="20191108 15:33:03.642"></status>
</kw>
<kw name="Call Method" library="BuiltIn">
<doc>Calls the named method of the given object with the provided arguments.</doc>
<arguments>
<arg>${chrome options}</arg>
<arg>add_argument</arg>
<arg>--no-sandbox</arg>
</arguments>
<status status="PASS" starttime="20191108 15:33:03.642" endtime="20191108 15:33:03.643"></status>
</kw>
<kw name="Call Method" library="BuiltIn">
<doc>Calls the named method of the given object with the provided arguments.</doc>
<arguments>
<arg>${chrome_options}</arg>
<arg>add_argument</arg>
<arg>--headless</arg>
</arguments>
<status status="PASS" starttime="20191108 15:33:03.643" endtime="20191108 15:33:03.643"></status>
</kw>
<kw name="Call Method" library="BuiltIn">
<doc>Calls the named method of the given object with the provided arguments.</doc>
<arguments>
<arg>${chrome_options}</arg>
<arg>add_argument</arg>
<arg>--disable-gpu</arg>
</arguments>
<status status="PASS" starttime="20191108 15:33:03.643" endtime="20191108 15:33:03.644"></status>
</kw>
<kw name="Call Method" library="BuiltIn">
<doc>Calls the named method of the given object with the provided arguments.</doc>
<arguments>
<arg>${chrome_options}</arg>
<arg>add_argument</arg>
<arg>--disable-dev-shm-usage</arg>
</arguments>
<status status="PASS" starttime="20191108 15:33:03.644" endtime="20191108 15:33:03.644"></status>
</kw>
<kw name="Call Method" library="BuiltIn">
<doc>Calls the named method of the given object with the provided arguments.</doc>
<arguments>
<arg>${chrome_options}</arg>
<arg>add_argument</arg>
<arg>--window-size\=1920,1080</arg>
</arguments>
<status status="PASS" starttime="20191108 15:33:03.644" endtime="20191108 15:33:03.644"></status>
</kw>
<kw name="Create Webdriver" library="SeleniumLibrary">
<doc>Creates an instance of Selenium WebDriver.</doc>
<arguments>
<arg>Chrome</arg>
<arg>chrome_options=${chrome options}</arg>
</arguments>
<msg timestamp="20191108 15:33:03.645" level="INFO">Creating an instance of the Chrome WebDriver.</msg>
<status status="PASS" starttime="20191108 15:33:03.645" endtime="20191108 15:33:06.121"></status>
</kw>
<kw name="Log To Console" library="BuiltIn">
<doc>Logs the given message to the console.</doc>
<arguments>
<arg>007</arg>
</arguments>
<status status="PASS" starttime="20191108 15:33:06.121" endtime="20191108 15:33:06.122"></status>
</kw>
<kw name="Go To" library="SeleniumLibrary">
<doc>Navigates the active browser instance to the provided ``url``.</doc>
<arguments>
<arg>https://pro.104-staging.com.tw/vip</arg>
</arguments>
<msg timestamp="20191108 15:33:06.122" level="INFO">Opening url 'https://pro.104-staging.com.tw/vip'</msg>
<status status="PASS" starttime="20191108 15:33:06.122" endtime="20191108 15:33:08.276"></status>
</kw>
<kw name="Log To Console" library="BuiltIn">
<doc>Logs the given message to the console.</doc>
<arguments>
<arg>008</arg>
</arguments>
<status status="PASS" starttime="20191108 15:33:08.277" endtime="20191108 15:33:08.277"></status>
</kw>
<kw name="Capture Page Screenshot" library="SeleniumLibrary">
<doc>Takes screenshot of the current page and embeds it into log file.</doc>
<msg timestamp="20191108 15:33:09.478" level="INFO" html="yes">&lt;/td&gt;&lt;/tr&gt;&lt;tr&gt;&lt;td colspan="3"&gt;&lt;a href="selenium-screenshot-1.png"&gt;&lt;img src="selenium-screenshot-1.png" width="800px"&gt;&lt;/a&gt;</msg>
<status status="PASS" starttime="20191108 15:33:08.277" endtime="20191108 15:33:09.479"></status>
</kw>
<kw name="Sleep" library="BuiltIn">
<doc>Pauses the test executed for the given time.</doc>
<arguments>
<arg>1s</arg>
</arguments>
<msg timestamp="20191108 15:33:10.481" level="INFO">Slept 1 second</msg>
<status status="PASS" starttime="20191108 15:33:09.479" endtime="20191108 15:33:10.481"></status>
</kw>
<kw name="Close Browser" library="SeleniumLibrary">
<doc>Closes the current browser.</doc>
<status status="PASS" starttime="20191108 15:33:10.481" endtime="20191108 15:33:10.557"></status>
</kw>
<doc>This is some basic info about the test</doc>
<tags>
<tag>Smoke</tag>
</tags>
<status status="PASS" starttime="20191108 15:33:03.640" endtime="20191108 15:33:10.558" critical="yes"></status>
</test>
<doc>This is some basic info about the whole suite</doc>
<status status="PASS" starttime="20191108 15:33:02.516" endtime="20191108 15:33:10.561"></status>
</suite>
<statistics>
<total>
<stat pass="1" fail="0">Critical Tests</stat>
<stat pass="1" fail="0">All Tests</stat>
</total>
<tag>
<stat pass="1" fail="0">Smoke</stat>
</tag>
<suite>
<stat pass="1" fail="0" id="s1" name="Amazon-xvfb">Amazon-xvfb</stat>
</suite>
</statistics>
<errors>
</errors>
</robot>
