<?xml version="1.0" encoding="UTF-8"?>
<robot generator="Robot 3.0.4 (Python 3.7.0 on darwin)" generated="20181120 18:08:29.322">
<suite id="s1" name="Amazon4" source="/Users/ken.chung/development/robot-scripts/amazon/Tests/Amazon4.robot">
<test id="s1-t1" name="User must sign in to check out">
<kw name="Begin Web Test">
<kw name="Open Browser" library="SeleniumLibrary">
<doc>Opens a new browser instance to the given ``url``.</doc>
<arguments>
<arg>about:blank</arg>
<arg>chrome</arg>
</arguments>
<msg timestamp="20181120 18:08:29.561" level="INFO">Opening browser 'chrome' to base url 'about:blank'.</msg>
<status status="PASS" starttime="20181120 18:08:29.561" endtime="20181120 18:08:32.132"></status>
</kw>
<status status="PASS" starttime="20181120 18:08:29.560" endtime="20181120 18:08:32.132"></status>
</kw>
<kw name="Search for Products">
<kw name="Go To" library="SeleniumLibrary">
<doc>Navigates the active browser instance to the provided ``url``.</doc>
<arguments>
<arg>http://www.amazon.com</arg>
</arguments>
<msg timestamp="20181120 18:08:32.135" level="INFO">Opening url 'http://www.amazon.com'</msg>
<status status="PASS" starttime="20181120 18:08:32.134" endtime="20181120 18:08:34.607"></status>
</kw>
<kw name="Wait Until Page Contains" library="SeleniumLibrary">
<doc>Waits until ``text`` appears on current page.</doc>
<arguments>
<arg>Your Amazon.com</arg>
</arguments>
<status status="PASS" starttime="20181120 18:08:34.607" endtime="20181120 18:08:34.726"></status>
</kw>
<kw name="Input Text" library="SeleniumLibrary">
<doc>Types the given ``text`` into text field identified by ``locator``.</doc>
<arguments>
<arg>id=twotabsearchtextbox</arg>
<arg>Ferrari 458</arg>
</arguments>
<msg timestamp="20181120 18:08:34.727" level="INFO">Typing text 'Ferrari 458' into text field 'id=twotabsearchtextbox'.</msg>
<status status="PASS" starttime="20181120 18:08:34.726" endtime="20181120 18:08:36.056"></status>
</kw>
<kw name="Click Button" library="SeleniumLibrary">
<doc>Clicks button identified by ``locator``.</doc>
<arguments>
<arg>xpath=//*[@id="nav-search"]/form/div[2]/div/input</arg>
</arguments>
<msg timestamp="20181120 18:08:36.057" level="INFO">Clicking button 'xpath=//*[@id="nav-search"]/form/div[2]/div/input'.</msg>
<status status="PASS" starttime="20181120 18:08:36.057" endtime="20181120 18:08:38.648"></status>
</kw>
<status status="PASS" starttime="20181120 18:08:32.133" endtime="20181120 18:08:38.648"></status>
</kw>
<kw name="Select Product from Search Results">
<kw name="Click Link" library="SeleniumLibrary">
<doc>Clicks a link identified by ``locator``.</doc>
<arguments>
<arg>css=#result_2 &gt; div &gt; div &gt; div &gt; div.a-fixed-left-grid-col.a-col-right &gt; div.a-row.a-spacing-small &gt; div:nth-child(1) &gt; a</arg>
</arguments>
<msg timestamp="20181120 18:08:38.649" level="INFO">Clicking link 'css=#result_2 &gt; div &gt; div &gt; div &gt; div.a-fixed-left-grid-col.a-col-right &gt; div.a-row.a-spacing-small &gt; div:nth-child(1) &gt; a'.</msg>
<status status="PASS" starttime="20181120 18:08:38.649" endtime="20181120 18:08:41.541"></status>
</kw>
<status status="PASS" starttime="20181120 18:08:38.648" endtime="20181120 18:08:41.542"></status>
</kw>
<kw name="Add Product to Cart">
<kw name="Click Button" library="SeleniumLibrary">
<doc>Clicks button identified by ``locator``.</doc>
<arguments>
<arg>css=#add-to-wishlist-button-submit</arg>
</arguments>
<msg timestamp="20181120 18:08:41.543" level="INFO">Clicking button 'css=#add-to-wishlist-button-submit'.</msg>
<status status="PASS" starttime="20181120 18:08:41.543" endtime="20181120 18:08:42.703"></status>
</kw>
<status status="PASS" starttime="20181120 18:08:41.542" endtime="20181120 18:08:42.703"></status>
</kw>
<kw name="Begin Checkout">
<kw name="Wait Until Page Contains" library="SeleniumLibrary">
<doc>Waits until ``text`` appears on current page.</doc>
<arguments>
<arg>Email (phone for mobile accounts)</arg>
</arguments>
<status status="PASS" starttime="20181120 18:08:42.704" endtime="20181120 18:08:42.745"></status>
</kw>
<status status="PASS" starttime="20181120 18:08:42.704" endtime="20181120 18:08:42.745"></status>
</kw>
<kw name="End Web Test">
<kw name="Close Browser" library="SeleniumLibrary">
<doc>Closes the current browser.</doc>
<status status="PASS" starttime="20181120 18:08:42.746" endtime="20181120 18:08:42.920"></status>
</kw>
<status status="PASS" starttime="20181120 18:08:42.745" endtime="20181120 18:08:42.920"></status>
</kw>
<doc>This is some basic info about the test</doc>
<tags>
<tag>Smoke</tag>
</tags>
<status status="PASS" starttime="20181120 18:08:29.559" endtime="20181120 18:08:42.920" critical="yes"></status>
</test>
<doc>This is how to break script to Page Object exercise</doc>
<status status="PASS" starttime="20181120 18:08:29.324" endtime="20181120 18:08:42.922"></status>
</suite>
<statistics>
<total>
<stat pass="1" fail="0">Critical Tests</stat>
<stat pass="1" fail="0">All Tests</stat>
</total>
<tag>
<stat pass="1" fail="0">Smoke</stat>
</tag>
<suite>
<stat pass="1" fail="0" id="s1" name="Amazon4">Amazon4</stat>
</suite>
</statistics>
<errors>
</errors>
</robot>
